SF:lib/puzzles/sudoku/sudoku.dart
DA:6,2
DA:10,2
DA:12,6
DA:13,2
DA:14,2
DA:15,2
DA:16,10
DA:17,2
DA:18,4
DA:24,2
DA:27,8
DA:28,6
DA:29,4
DA:30,0
DA:31,5
DA:33,8
DA:34,8
DA:35,7
DA:38,2
DA:42,2
DA:43,6
LF:21
LH:20
end_of_record
SF:lib/puzzles/sudoku/sudoku_controller.dart
DA:17,1
DA:19,1
DA:21,1
DA:29,1
DA:30,3
DA:33,1
DA:35,1
DA:36,2
DA:37,1
DA:38,2
DA:40,2
DA:42,3
DA:43,2
DA:45,2
DA:48,1
DA:49,2
DA:52,1
DA:53,2
DA:54,2
DA:55,1
DA:58,2
DA:60,2
DA:63,2
DA:67,1
DA:69,4
DA:70,1
DA:71,1
DA:77,1
DA:79,4
DA:80,1
DA:81,1
DA:84,2
DA:87,1
DA:88,3
DA:91,1
DA:92,2
DA:95,1
DA:96,2
DA:99,1
DA:100,2
DA:101,5
DA:104,6
DA:106,1
DA:108,3
DA:109,2
DA:112,1
DA:114,2
DA:118,1
DA:120,5
DA:122,3
DA:126,4
DA:128,1
DA:135,1
DA:136,3
DA:139,1
DA:140,1
DA:141,4
DA:142,1
DA:143,2
DA:144,2
DA:145,1
DA:150,1
DA:151,2
DA:154,1
DA:155,4
DA:156,1
DA:165,1
DA:166,3
LF:68
LH:68
end_of_record
SF:lib/puzzles/sudoku/sudoku_field.dart
DA:2,2
DA:12,1
DA:15,0
DA:16,0
DA:17,0
DA:18,0
DA:20,0
DA:21,0
LF:8
LH:2
end_of_record
SF:lib/puzzles/sudoku/sudoku_repository.dart
DA:9,2
DA:12,2
DA:13,8
DA:17,2
DA:18,2
DA:19,10
DA:24,2
DA:27,6
DA:29,2
DA:32,2
DA:35,6
DA:36,8
DA:43,2
DA:46,6
DA:48,2
DA:51,2
DA:53,10
DA:57,2
DA:60,6
DA:62,2
DA:65,2
LF:21
LH:21
end_of_record
SF:lib/utils/http_service.dart
DA:9,0
DA:12,0
DA:13,0
DA:16,0
DA:22,0
DA:24,0
DA:27,0
DA:28,0
DA:29,0
DA:31,0
LF:10
LH:0
end_of_record
SF:lib/puzzles/sudoku/sudoku_model.dart
DA:7,1
DA:13,1
DA:20,1
DA:26,1
DA:27,1
DA:28,1
DA:29,1
DA:30,1
DA:31,1
DA:32,1
LF:10
LH:10
end_of_record
