SF:lib/puzzles/sudoku/sudoku.dart
DA:6,2
DA:10,2
DA:12,6
DA:13,2
DA:14,2
DA:15,2
DA:16,10
DA:17,2
DA:18,4
DA:24,2
DA:27,8
DA:28,6
DA:29,4
DA:30,0
DA:31,5
DA:33,8
DA:34,8
DA:35,7
DA:38,2
DA:42,2
DA:43,6
LF:21
LH:20
end_of_record
SF:lib/puzzles/sudoku/sudoku_field.dart
DA:2,2
DA:12,1
DA:15,0
DA:16,0
DA:17,0
DA:18,0
DA:20,0
DA:21,0
LF:8
LH:2
end_of_record
SF:lib/puzzles/sudoku/sudoku_repository.dart
DA:9,2
DA:12,2
DA:13,8
DA:17,2
DA:18,2
DA:19,10
DA:24,2
DA:27,6
DA:29,2
DA:32,2
DA:35,6
DA:36,8
DA:43,2
DA:46,6
DA:48,2
DA:51,2
DA:53,10
LF:17
LH:17
end_of_record
SF:lib/utils/http_service.dart
DA:9,0
DA:12,0
DA:13,0
DA:16,0
DA:18,0
DA:20,0
DA:23,0
DA:24,0
DA:25,0
DA:27,0
LF:10
LH:0
end_of_record
SF:lib/puzzles/sudoku/sudoku_controller.dart
DA:18,1
DA:20,1
DA:22,1
DA:30,1
DA:31,3
DA:34,1
DA:36,1
DA:37,2
DA:38,1
DA:39,2
DA:41,2
DA:43,3
DA:44,2
DA:46,2
DA:49,1
DA:50,2
DA:53,1
DA:54,2
DA:55,2
DA:56,1
DA:59,2
DA:61,2
DA:64,2
DA:68,1
DA:70,4
DA:71,1
DA:72,1
DA:78,1
DA:80,4
DA:81,1
DA:82,1
DA:85,2
DA:88,1
DA:89,3
DA:92,1
DA:93,2
DA:96,1
DA:97,2
DA:100,1
DA:101,2
DA:102,5
DA:105,6
DA:107,1
DA:109,3
DA:110,2
DA:113,1
DA:115,2
DA:119,1
DA:121,5
DA:123,3
DA:127,4
DA:129,1
DA:136,1
DA:137,3
DA:140,1
DA:141,4
DA:142,1
DA:151,1
DA:152,3
LF:59
LH:59
end_of_record
SF:lib/puzzles/sudoku/sudoku_model.dart
DA:7,1
DA:13,1
DA:20,1
DA:26,1
DA:27,1
DA:28,1
DA:29,1
DA:30,1
DA:31,1
DA:32,1
LF:10
LH:10
end_of_record
